

*******************************************************************************
Fri Jun 28 11:23:53 2024


FIT:    data read from "out.times.txt"
        format = z
        #datapoints = 9
        residuals are weighted equally (unit weight)

function used for fitting: f(x)
	f(x)=b+(x/a)**c
fitted parameters initialized with current variable values

iter      chisq       delta/lim  lambda   a             b            
   0 2.8308399943e+03   0.00e+00  3.93e+01    9.000000e+01   1.000000e+00
   7 1.3170606662e-01  -2.45e-03  3.93e-06    2.133093e+02   2.537234e-01

After 7 iterations the fit converged.
final sum of squares of residuals : 0.131706
rel. change during last iteration : -2.44596e-08

degrees of freedom    (FIT_NDF)                        : 7
rms of residuals      (FIT_STDFIT) = sqrt(WSSR/ndf)    : 0.137168
variance of residuals (reduced chisquare) = WSSR/ndf   : 0.0188152

Final set of parameters            Asymptotic Standard Error
=======================            ==========================
a               = 213.309          +/- 3.714        (1.741%)
b               = 0.253723         +/- 0.07261      (28.62%)

correlation matrix of the fit parameters:
                a      b      
a               1.000 
b               0.777  1.000 


*******************************************************************************
Fri Jun 28 11:23:53 2024


FIT:    data read from "out.times_opt.txt"
        format = z
        #datapoints = 9
        residuals are weighted equally (unit weight)

function used for fitting: fo(x)
	fo(x)=bo+(x/ao)**co
fitted parameters initialized with current variable values

iter      chisq       delta/lim  lambda   ao            bo           
   0 2.9941297408e+03   0.00e+00  3.93e+01    9.000000e+01   1.000000e+00
   8 1.1347107623e-01  -6.38e-06  3.93e-07    2.452605e+02   2.182848e-01

After 8 iterations the fit converged.
final sum of squares of residuals : 0.113471
rel. change during last iteration : -6.37778e-11

degrees of freedom    (FIT_NDF)                        : 7
rms of residuals      (FIT_STDFIT) = sqrt(WSSR/ndf)    : 0.127319
variance of residuals (reduced chisquare) = WSSR/ndf   : 0.0162102

Final set of parameters            Asymptotic Standard Error
=======================            ==========================
ao              = 245.261          +/- 6.026        (2.457%)
bo              = 0.218285         +/- 0.06739      (30.87%)

correlation matrix of the fit parameters:
                ao     bo     
ao              1.000 
bo              0.777  1.000 
